<?xml version="1.0" encoding="UTF-8"?>
<!-- Generated by org.testng.reporters.JUnitXMLReporter -->
<testsuite ignored="0" hostname="DESKTOP-G0E75QA" failures="0" tests="3" name=" com.eva.vtiger.base. TestCase" time="0.087" errors="0" timestamp="2023-11-09T15:00:36 IST">
  <testcase classname="com.eva.vtiger.inventorytestscripts.InventryInvoiceTestScripts" name="verifyVT006AccountAndContactAddOnInvoiceForm" time="0.0">
    <skipped/>
  </testcase> <!-- verifyVT006AccountAndContactAddOnInvoiceForm -->
  <testcase classname="com.eva.vtiger.inventorytestscripts.InventryInvoiceTestScripts" name="verifyVT006AccountAndContactAddOnInvoiceForm" time="0.001">
    <skipped/>
  </testcase> <!-- verifyVT006AccountAndContactAddOnInvoiceForm -->
  <testcase classname="com.eva.vtiger.inventorytestscripts.InventryInvoiceTestScripts" name="verifyVT006AccountAndContactAddOnInvoiceForm" time="0.0">
    <skipped/>
  </testcase> <!-- verifyVT006AccountAndContactAddOnInvoiceForm -->
</testsuite> <!--  com.eva.vtiger.base. TestCase -->
